Watching for file changes with StatReloader
REQUEST: {'method': 'GET', 'path': '/swagger/', 'remote_addr': '127.0.0.1'}
RESPONSE: {'status_code': 200, 'duration_ms': 174}
REQUEST: {'method': 'GET', 'path': '/swagger/?format=openapi', 'remote_addr': '127.0.0.1'}
RESPONSE: {'status_code': 200, 'duration_ms': 245}
REQUEST: {'method': 'GET', 'path': '/api/products/', 'remote_addr': '127.0.0.1'}
RESPONSE: {'status_code': 200, 'duration_ms': 237}
Watching for file changes with StatReloader
REQUEST: {'method': 'GET', 'path': '/api/products/22/', 'remote_addr': '127.0.0.1'}
Internal Server Error: /api/products/22/
Traceback (most recent call last):
  File "D:\speqto\trainee\Lib\site-packages\django\shortcuts.py", line 90, in get_object_or_404
    return queryset.get(*args, **kwargs)
           ~~~~~~~~~~~~^^^^^^^^^^^^^^^^^
  File "D:\speqto\trainee\Lib\site-packages\django\db\models\query.py", line 635, in get
    raise self.model.DoesNotExist(
        "%s matching query does not exist." % self.model._meta.object_name
    )
ecom.models.product.DoesNotExist: product matching query does not exist.

During handling of the above exception, another exception occurred:

Traceback (most recent call last):
  File "D:\speqto\trainee\Lib\site-packages\rest_framework\views.py", line 512, in dispatch
    response = handler(request, *args, **kwargs)
  File "D:\speqto\trainee\Lib\site-packages\rest_framework\mixins.py", line 54, in retrieve
    instance = self.get_object()
  File "D:\speqto\trainee\Lib\site-packages\rest_framework\generics.py", line 100, in get_object
    obj = get_object_or_404(queryset, **filter_kwargs)
  File "D:\speqto\trainee\Lib\site-packages\rest_framework\generics.py", line 19, in get_object_or_404
    return _get_object_or_404(queryset, *filter_args, **filter_kwargs)
  File "D:\speqto\trainee\Lib\site-packages\django\shortcuts.py", line 92, in get_object_or_404
    raise Http404(
        "No %s matches the given query." % queryset.model._meta.object_name
    )
django.http.response.Http404: No product matches the given query.

During handling of the above exception, another exception occurred:

Traceback (most recent call last):
  File "D:\speqto\trainee\Lib\site-packages\rest_framework\settings.py", line 179, in import_from_string
    return import_string(val)
  File "D:\speqto\trainee\Lib\site-packages\django\utils\module_loading.py", line 30, in import_string
    return cached_import(module_path, class_name)
  File "D:\speqto\trainee\Lib\site-packages\django\utils\module_loading.py", line 15, in cached_import
    module = import_module(module_path)
  File "C:\Users\samar\AppData\Local\Programs\Python\Python313\Lib\importlib\__init__.py", line 88, in import_module
    return _bootstrap._gcd_import(name[level:], package, level)
           ~~~~~~~~~~~~~~~~~~~~~~^^^^^^^^^^^^^^^^^^^^^^^^^^^^^^
  File "<frozen importlib._bootstrap>", line 1387, in _gcd_import
  File "<frozen importlib._bootstrap>", line 1360, in _find_and_load
  File "<frozen importlib._bootstrap>", line 1310, in _find_and_load_unlocked
  File "<frozen importlib._bootstrap>", line 488, in _call_with_frames_removed
  File "<frozen importlib._bootstrap>", line 1387, in _gcd_import
  File "<frozen importlib._bootstrap>", line 1360, in _find_and_load
  File "<frozen importlib._bootstrap>", line 1324, in _find_and_load_unlocked
ModuleNotFoundError: No module named 'ecommerce.utils'

During handling of the above exception, another exception occurred:

Traceback (most recent call last):
  File "D:\speqto\trainee\Lib\site-packages\django\core\handlers\exception.py", line 55, in inner
    response = get_response(request)
  File "D:\speqto\trainee\Lib\site-packages\django\core\handlers\base.py", line 197, in _get_response
    response = wrapped_callback(request, *callback_args, **callback_kwargs)
  File "D:\speqto\trainee\Lib\site-packages\django\views\decorators\csrf.py", line 65, in _view_wrapper
    return view_func(request, *args, **kwargs)
  File "D:\speqto\trainee\Lib\site-packages\rest_framework\viewsets.py", line 125, in view
    return self.dispatch(request, *args, **kwargs)
           ~~~~~~~~~~~~~^^^^^^^^^^^^^^^^^^^^^^^^^^
  File "D:\speqto\trainee\Lib\site-packages\rest_framework\views.py", line 515, in dispatch
    response = self.handle_exception(exc)
  File "D:\speqto\trainee\Lib\site-packages\rest_framework\views.py", line 469, in handle_exception
    exception_handler = self.get_exception_handler()
  File "D:\speqto\trainee\Lib\site-packages\rest_framework\views.py", line 304, in get_exception_handler
    return self.settings.EXCEPTION_HANDLER
           ^^^^^^^^^^^^^^^^^^^^^^^^^^^^^^^
  File "D:\speqto\trainee\Lib\site-packages\rest_framework\settings.py", line 227, in __getattr__
    val = perform_import(val, attr)
  File "D:\speqto\trainee\Lib\site-packages\rest_framework\settings.py", line 168, in perform_import
    return import_from_string(val, setting_name)
  File "D:\speqto\trainee\Lib\site-packages\rest_framework\settings.py", line 182, in import_from_string
    raise ImportError(msg)
ImportError: Could not import 'ecommerce.utils.exceptions.custom_exception_handler' for API setting 'EXCEPTION_HANDLER'. ModuleNotFoundError: No module named 'ecommerce.utils'.
RESPONSE: {'status_code': 500, 'duration_ms': 361}
D:\speqto\ecommerce\ecom\views.py changed, reloading.
Watching for file changes with StatReloader
D:\speqto\ecommerce\ecom\views.py changed, reloading.
Watching for file changes with StatReloader
D:\speqto\ecommerce\ecom\views.py changed, reloading.
Watching for file changes with StatReloader
D:\speqto\ecommerce\ecom\views.py changed, reloading.
Watching for file changes with StatReloader
REQUEST: {'method': 'GET', 'path': '/api/products/22/', 'remote_addr': '127.0.0.1'}
Internal Server Error: /api/products/22/
Traceback (most recent call last):
  File "D:\speqto\trainee\Lib\site-packages\django\shortcuts.py", line 90, in get_object_or_404
    return queryset.get(*args, **kwargs)
           ~~~~~~~~~~~~^^^^^^^^^^^^^^^^^
  File "D:\speqto\trainee\Lib\site-packages\django\db\models\query.py", line 635, in get
    raise self.model.DoesNotExist(
        "%s matching query does not exist." % self.model._meta.object_name
    )
ecom.models.product.DoesNotExist: product matching query does not exist.

During handling of the above exception, another exception occurred:

Traceback (most recent call last):
  File "D:\speqto\trainee\Lib\site-packages\rest_framework\views.py", line 512, in dispatch
    response = handler(request, *args, **kwargs)
  File "D:\speqto\trainee\Lib\site-packages\rest_framework\mixins.py", line 54, in retrieve
    instance = self.get_object()
  File "D:\speqto\trainee\Lib\site-packages\rest_framework\generics.py", line 100, in get_object
    obj = get_object_or_404(queryset, **filter_kwargs)
  File "D:\speqto\trainee\Lib\site-packages\rest_framework\generics.py", line 19, in get_object_or_404
    return _get_object_or_404(queryset, *filter_args, **filter_kwargs)
  File "D:\speqto\trainee\Lib\site-packages\django\shortcuts.py", line 92, in get_object_or_404
    raise Http404(
        "No %s matches the given query." % queryset.model._meta.object_name
    )
django.http.response.Http404: No product matches the given query.

During handling of the above exception, another exception occurred:

Traceback (most recent call last):
  File "D:\speqto\trainee\Lib\site-packages\rest_framework\settings.py", line 179, in import_from_string
    return import_string(val)
  File "D:\speqto\trainee\Lib\site-packages\django\utils\module_loading.py", line 30, in import_string
    return cached_import(module_path, class_name)
  File "D:\speqto\trainee\Lib\site-packages\django\utils\module_loading.py", line 15, in cached_import
    module = import_module(module_path)
  File "C:\Users\samar\AppData\Local\Programs\Python\Python313\Lib\importlib\__init__.py", line 88, in import_module
    return _bootstrap._gcd_import(name[level:], package, level)
           ~~~~~~~~~~~~~~~~~~~~~~^^^^^^^^^^^^^^^^^^^^^^^^^^^^^^
  File "<frozen importlib._bootstrap>", line 1387, in _gcd_import
  File "<frozen importlib._bootstrap>", line 1360, in _find_and_load
  File "<frozen importlib._bootstrap>", line 1310, in _find_and_load_unlocked
  File "<frozen importlib._bootstrap>", line 488, in _call_with_frames_removed
  File "<frozen importlib._bootstrap>", line 1387, in _gcd_import
  File "<frozen importlib._bootstrap>", line 1360, in _find_and_load
  File "<frozen importlib._bootstrap>", line 1324, in _find_and_load_unlocked
ModuleNotFoundError: No module named 'ecommerce.utils'

During handling of the above exception, another exception occurred:

Traceback (most recent call last):
  File "D:\speqto\trainee\Lib\site-packages\django\core\handlers\exception.py", line 55, in inner
    response = get_response(request)
  File "D:\speqto\trainee\Lib\site-packages\django\core\handlers\base.py", line 197, in _get_response
    response = wrapped_callback(request, *callback_args, **callback_kwargs)
  File "D:\speqto\trainee\Lib\site-packages\django\views\decorators\csrf.py", line 65, in _view_wrapper
    return view_func(request, *args, **kwargs)
  File "D:\speqto\trainee\Lib\site-packages\rest_framework\viewsets.py", line 125, in view
    return self.dispatch(request, *args, **kwargs)
           ~~~~~~~~~~~~~^^^^^^^^^^^^^^^^^^^^^^^^^^
  File "D:\speqto\trainee\Lib\site-packages\rest_framework\views.py", line 515, in dispatch
    response = self.handle_exception(exc)
  File "D:\speqto\trainee\Lib\site-packages\rest_framework\views.py", line 469, in handle_exception
    exception_handler = self.get_exception_handler()
  File "D:\speqto\trainee\Lib\site-packages\rest_framework\views.py", line 304, in get_exception_handler
    return self.settings.EXCEPTION_HANDLER
           ^^^^^^^^^^^^^^^^^^^^^^^^^^^^^^^
  File "D:\speqto\trainee\Lib\site-packages\rest_framework\settings.py", line 227, in __getattr__
    val = perform_import(val, attr)
  File "D:\speqto\trainee\Lib\site-packages\rest_framework\settings.py", line 168, in perform_import
    return import_from_string(val, setting_name)
  File "D:\speqto\trainee\Lib\site-packages\rest_framework\settings.py", line 182, in import_from_string
    raise ImportError(msg)
ImportError: Could not import 'ecommerce.utils.exceptions.custom_exception_handler' for API setting 'EXCEPTION_HANDLER'. ModuleNotFoundError: No module named 'ecommerce.utils'.
RESPONSE: {'status_code': 500, 'duration_ms': 202}
D:\speqto\ecommerce\ecommerce\settings.py changed, reloading.
Watching for file changes with StatReloader
REQUEST: {'method': 'GET', 'path': '/api/products/22/', 'remote_addr': '127.0.0.1'}
Internal Server Error: /api/products/22/
Traceback (most recent call last):
  File "D:\speqto\trainee\Lib\site-packages\django\shortcuts.py", line 90, in get_object_or_404
    return queryset.get(*args, **kwargs)
           ~~~~~~~~~~~~^^^^^^^^^^^^^^^^^
  File "D:\speqto\trainee\Lib\site-packages\django\db\models\query.py", line 635, in get
    raise self.model.DoesNotExist(
        "%s matching query does not exist." % self.model._meta.object_name
    )
ecom.models.product.DoesNotExist: product matching query does not exist.

During handling of the above exception, another exception occurred:

Traceback (most recent call last):
  File "D:\speqto\trainee\Lib\site-packages\rest_framework\views.py", line 512, in dispatch
    response = handler(request, *args, **kwargs)
  File "D:\speqto\trainee\Lib\site-packages\rest_framework\mixins.py", line 54, in retrieve
    instance = self.get_object()
  File "D:\speqto\trainee\Lib\site-packages\rest_framework\generics.py", line 100, in get_object
    obj = get_object_or_404(queryset, **filter_kwargs)
  File "D:\speqto\trainee\Lib\site-packages\rest_framework\generics.py", line 19, in get_object_or_404
    return _get_object_or_404(queryset, *filter_args, **filter_kwargs)
  File "D:\speqto\trainee\Lib\site-packages\django\shortcuts.py", line 92, in get_object_or_404
    raise Http404(
        "No %s matches the given query." % queryset.model._meta.object_name
    )
django.http.response.Http404: No product matches the given query.

During handling of the above exception, another exception occurred:

Traceback (most recent call last):
  File "D:\speqto\trainee\Lib\site-packages\rest_framework\settings.py", line 179, in import_from_string
    return import_string(val)
  File "D:\speqto\trainee\Lib\site-packages\django\utils\module_loading.py", line 30, in import_string
    return cached_import(module_path, class_name)
  File "D:\speqto\trainee\Lib\site-packages\django\utils\module_loading.py", line 15, in cached_import
    module = import_module(module_path)
  File "C:\Users\samar\AppData\Local\Programs\Python\Python313\Lib\importlib\__init__.py", line 88, in import_module
    return _bootstrap._gcd_import(name[level:], package, level)
           ~~~~~~~~~~~~~~~~~~~~~~^^^^^^^^^^^^^^^^^^^^^^^^^^^^^^
  File "<frozen importlib._bootstrap>", line 1387, in _gcd_import
  File "<frozen importlib._bootstrap>", line 1360, in _find_and_load
  File "<frozen importlib._bootstrap>", line 1324, in _find_and_load_unlocked
ModuleNotFoundError: No module named 'utils.exceptions'

During handling of the above exception, another exception occurred:

Traceback (most recent call last):
  File "D:\speqto\trainee\Lib\site-packages\django\core\handlers\exception.py", line 55, in inner
    response = get_response(request)
  File "D:\speqto\trainee\Lib\site-packages\django\core\handlers\base.py", line 197, in _get_response
    response = wrapped_callback(request, *callback_args, **callback_kwargs)
  File "D:\speqto\trainee\Lib\site-packages\django\views\decorators\csrf.py", line 65, in _view_wrapper
    return view_func(request, *args, **kwargs)
  File "D:\speqto\trainee\Lib\site-packages\rest_framework\viewsets.py", line 125, in view
    return self.dispatch(request, *args, **kwargs)
           ~~~~~~~~~~~~~^^^^^^^^^^^^^^^^^^^^^^^^^^
  File "D:\speqto\trainee\Lib\site-packages\rest_framework\views.py", line 515, in dispatch
    response = self.handle_exception(exc)
  File "D:\speqto\trainee\Lib\site-packages\rest_framework\views.py", line 469, in handle_exception
    exception_handler = self.get_exception_handler()
  File "D:\speqto\trainee\Lib\site-packages\rest_framework\views.py", line 304, in get_exception_handler
    return self.settings.EXCEPTION_HANDLER
           ^^^^^^^^^^^^^^^^^^^^^^^^^^^^^^^
  File "D:\speqto\trainee\Lib\site-packages\rest_framework\settings.py", line 227, in __getattr__
    val = perform_import(val, attr)
  File "D:\speqto\trainee\Lib\site-packages\rest_framework\settings.py", line 168, in perform_import
    return import_from_string(val, setting_name)
  File "D:\speqto\trainee\Lib\site-packages\rest_framework\settings.py", line 182, in import_from_string
    raise ImportError(msg)
ImportError: Could not import 'utils.exceptions.custom_exception_handler' for API setting 'EXCEPTION_HANDLER'. ModuleNotFoundError: No module named 'utils.exceptions'.
RESPONSE: {'status_code': 500, 'duration_ms': 228}
D:\speqto\ecommerce\ecommerce\settings.py changed, reloading.
Watching for file changes with StatReloader
D:\speqto\ecommerce\ecommerce\settings.py changed, reloading.
Watching for file changes with StatReloader
D:\speqto\ecommerce\ecommerce\settings.py changed, reloading.
Watching for file changes with StatReloader
D:\speqto\ecommerce\ecommerce\settings.py changed, reloading.
Watching for file changes with StatReloader
D:\speqto\ecommerce\ecommerce\settings.py changed, reloading.
Watching for file changes with StatReloader
REQUEST: {'method': 'GET', 'path': '/api/products/22/', 'remote_addr': '127.0.0.1'}
RESPONSE: {'status_code': 400, 'duration_ms': 181}
Bad Request: /api/products/22/
D:\speqto\ecommerce\utils\ExceptionHandler.py changed, reloading.
Watching for file changes with StatReloader
D:\speqto\ecommerce\utils\ExceptionHandler.py changed, reloading.
Watching for file changes with StatReloader
REQUEST: {'method': 'GET', 'path': '/api/products/22/', 'remote_addr': '127.0.0.1'}
RESPONSE: {'status_code': 400, 'duration_ms': 231}
Bad Request: /api/products/22/
REQUEST: {'method': 'GET', 'path': '/api/products/', 'remote_addr': '127.0.0.1'}
RESPONSE: {'status_code': 200, 'duration_ms': 166}
REQUEST: {'method': 'POST', 'path': '/api/products/', 'remote_addr': '127.0.0.1'}
RESPONSE: {'status_code': 400, 'duration_ms': 21}
Bad Request: /api/products/
REQUEST: {'method': 'POST', 'path': '/api/products/3', 'remote_addr': '127.0.0.1'}
RESPONSE: {'status_code': 404, 'duration_ms': 10}
Internal Server Error: /api/products/3
Traceback (most recent call last):
  File "D:\speqto\trainee\Lib\site-packages\django\core\handlers\exception.py", line 55, in inner
    response = get_response(request)
  File "D:\speqto\trainee\Lib\site-packages\django\utils\deprecation.py", line 122, in __call__
    response = self.process_response(request, response)
  File "D:\speqto\trainee\Lib\site-packages\django\middleware\common.py", line 108, in process_response
    return self.response_redirect_class(self.get_full_path_with_slash(request))
                                        ~~~~~~~~~~~~~~~~~~~~~~~~~~~~~^^^^^^^^^
  File "D:\speqto\trainee\Lib\site-packages\django\middleware\common.py", line 87, in get_full_path_with_slash
    raise RuntimeError(
    ...<9 lines>...
    )
RuntimeError: You called this URL via POST, but the URL doesn't end in a slash and you have APPEND_SLASH set. Django can't redirect to the slash URL while maintaining POST data. Change your form to point to 127.0.0.1:8000/api/products/3/ (note the trailing slash), or set APPEND_SLASH=False in your Django settings.
REQUEST: {'method': 'GET', 'path': '/api/products/5', 'remote_addr': '127.0.0.1'}
RESPONSE: {'status_code': 404, 'duration_ms': 7}
REQUEST: {'method': 'GET', 'path': '/api/products/5/', 'remote_addr': '127.0.0.1'}
RESPONSE: {'status_code': 400, 'duration_ms': 123}
Bad Request: /api/products/5/
REQUEST: {'method': 'GET', 'path': '/api/products/3', 'remote_addr': '127.0.0.1'}
RESPONSE: {'status_code': 404, 'duration_ms': 6}
REQUEST: {'method': 'GET', 'path': '/api/products/3/', 'remote_addr': '127.0.0.1'}
RESPONSE: {'status_code': 400, 'duration_ms': 133}
Bad Request: /api/products/3/
REQUEST: {'method': 'POST', 'path': '/api/products/3', 'remote_addr': '127.0.0.1'}
RESPONSE: {'status_code': 404, 'duration_ms': 6}
Internal Server Error: /api/products/3
Traceback (most recent call last):
  File "D:\speqto\trainee\Lib\site-packages\django\core\handlers\exception.py", line 55, in inner
    response = get_response(request)
  File "D:\speqto\trainee\Lib\site-packages\django\utils\deprecation.py", line 122, in __call__
    response = self.process_response(request, response)
  File "D:\speqto\trainee\Lib\site-packages\django\middleware\common.py", line 108, in process_response
    return self.response_redirect_class(self.get_full_path_with_slash(request))
                                        ~~~~~~~~~~~~~~~~~~~~~~~~~~~~~^^^^^^^^^
  File "D:\speqto\trainee\Lib\site-packages\django\middleware\common.py", line 87, in get_full_path_with_slash
    raise RuntimeError(
    ...<9 lines>...
    )
RuntimeError: You called this URL via POST, but the URL doesn't end in a slash and you have APPEND_SLASH set. Django can't redirect to the slash URL while maintaining POST data. Change your form to point to 127.0.0.1:8000/api/products/3/ (note the trailing slash), or set APPEND_SLASH=False in your Django settings.
REQUEST: {'method': 'POST', 'path': '/api/products/3', 'remote_addr': '127.0.0.1'}
RESPONSE: {'status_code': 404, 'duration_ms': 7}
Internal Server Error: /api/products/3
Traceback (most recent call last):
  File "D:\speqto\trainee\Lib\site-packages\django\core\handlers\exception.py", line 55, in inner
    response = get_response(request)
  File "D:\speqto\trainee\Lib\site-packages\django\utils\deprecation.py", line 122, in __call__
    response = self.process_response(request, response)
  File "D:\speqto\trainee\Lib\site-packages\django\middleware\common.py", line 108, in process_response
    return self.response_redirect_class(self.get_full_path_with_slash(request))
                                        ~~~~~~~~~~~~~~~~~~~~~~~~~~~~~^^^^^^^^^
  File "D:\speqto\trainee\Lib\site-packages\django\middleware\common.py", line 87, in get_full_path_with_slash
    raise RuntimeError(
    ...<9 lines>...
    )
RuntimeError: You called this URL via POST, but the URL doesn't end in a slash and you have APPEND_SLASH set. Django can't redirect to the slash URL while maintaining POST data. Change your form to point to 127.0.0.1:8000/api/products/3/ (note the trailing slash), or set APPEND_SLASH=False in your Django settings.
REQUEST: {'method': 'POST', 'path': '/api/products/', 'remote_addr': '127.0.0.1'}
RESPONSE: {'status_code': 201, 'duration_ms': 154}
REQUEST: {'method': 'PUT', 'path': '/api/products/23/', 'remote_addr': '127.0.0.1'}
RESPONSE: {'status_code': 400, 'duration_ms': 114}
Bad Request: /api/products/23/
REQUEST: {'method': 'PATCH', 'path': '/api/products/23/', 'remote_addr': '127.0.0.1'}
RESPONSE: {'status_code': 400, 'duration_ms': 119}
Bad Request: /api/products/23/
REQUEST: {'method': 'GET', 'path': '/api/products/23/', 'remote_addr': '127.0.0.1'}
RESPONSE: {'status_code': 200, 'duration_ms': 151}
REQUEST: {'method': 'GET', 'path': '/api/products/3/', 'remote_addr': '127.0.0.1'}
RESPONSE: {'status_code': 400, 'duration_ms': 142}
Bad Request: /api/products/3/
REQUEST: {'method': 'DELETE', 'path': '/api/products/3/', 'remote_addr': '127.0.0.1'}
RESPONSE: {'status_code': 400, 'duration_ms': 135}
Bad Request: /api/products/3/
D:\speqto\ecommerce\ecom\views.py changed, reloading.
Watching for file changes with StatReloader
D:\speqto\ecommerce\ecom\views.py changed, reloading.
Watching for file changes with StatReloader
D:\speqto\ecommerce\ecom\views.py changed, reloading.
Watching for file changes with StatReloader
D:\speqto\ecommerce\ecom\views.py changed, reloading.
Watching for file changes with StatReloader
D:\speqto\ecommerce\ecom\views.py changed, reloading.
Watching for file changes with StatReloader
D:\speqto\ecommerce\ecom\views.py changed, reloading.
Watching for file changes with StatReloader
D:\speqto\trainee\Lib\site-packages\rest_framework\generics.py changed, reloading.
Watching for file changes with StatReloader
D:\speqto\ecommerce\utils\ExceptionHandler.py changed, reloading.
Watching for file changes with StatReloader
D:\speqto\ecommerce\utils\ExceptionHandler.py changed, reloading.
Watching for file changes with StatReloader
D:\speqto\ecommerce\utils\ExceptionHandler.py changed, reloading.
Watching for file changes with StatReloader
D:\speqto\ecommerce\utils\ExceptionHandler.py changed, reloading.
Watching for file changes with StatReloader
D:\speqto\trainee\Lib\site-packages\rest_framework\generics.py changed, reloading.
Watching for file changes with StatReloader
D:\speqto\trainee\Lib\site-packages\rest_framework\generics.py changed, reloading.
Watching for file changes with StatReloader
D:\speqto\trainee\Lib\site-packages\rest_framework\generics.py changed, reloading.
Watching for file changes with StatReloader
D:\speqto\trainee\Lib\site-packages\rest_framework\generics.py changed, reloading.
Watching for file changes with StatReloader
D:\speqto\trainee\Lib\site-packages\rest_framework\generics.py changed, reloading.
Watching for file changes with StatReloader
REQUEST: {'method': 'GET', 'path': '/swagger/', 'remote_addr': '127.0.0.1'}
RESPONSE: {'status_code': 200, 'duration_ms': 136}
REQUEST: {'method': 'GET', 'path': '/swagger/?format=openapi', 'remote_addr': '127.0.0.1'}
RESPONSE: {'status_code': 200, 'duration_ms': 87}
REQUEST: {'method': 'GET', 'path': '/redoc/', 'remote_addr': '127.0.0.1'}
RESPONSE: {'status_code': 200, 'duration_ms': 141}
REQUEST: {'method': 'GET', 'path': '/redoc/?format=openapi', 'remote_addr': '127.0.0.1'}
RESPONSE: {'status_code': 200, 'duration_ms': 83}
REQUEST: {'method': 'GET', 'path': '/api/products/3/', 'remote_addr': '127.0.0.1'}
Internal Server Error: /api/products/3/
Traceback (most recent call last):
  File "D:\speqto\trainee\Lib\site-packages\django\core\handlers\exception.py", line 55, in inner
    response = get_response(request)
  File "D:\speqto\trainee\Lib\site-packages\django\core\handlers\base.py", line 197, in _get_response
    response = wrapped_callback(request, *callback_args, **callback_kwargs)
  File "D:\speqto\trainee\Lib\site-packages\django\views\decorators\csrf.py", line 65, in _view_wrapper
    return view_func(request, *args, **kwargs)
  File "D:\speqto\trainee\Lib\site-packages\rest_framework\viewsets.py", line 125, in view
    return self.dispatch(request, *args, **kwargs)
           ~~~~~~~~~~~~~^^^^^^^^^^^^^^^^^^^^^^^^^^
  File "D:\speqto\trainee\Lib\site-packages\rest_framework\views.py", line 515, in dispatch
    response = self.handle_exception(exc)
  File "D:\speqto\trainee\Lib\site-packages\rest_framework\views.py", line 475, in handle_exception
    self.raise_uncaught_exception(exc)
    ~~~~~~~~~~~~~~~~~~~~~~~~~~~~~^^^^^
  File "D:\speqto\trainee\Lib\site-packages\rest_framework\views.py", line 486, in raise_uncaught_exception
    raise exc
  File "D:\speqto\trainee\Lib\site-packages\rest_framework\views.py", line 512, in dispatch
    response = handler(request, *args, **kwargs)
  File "D:\speqto\trainee\Lib\site-packages\rest_framework\mixins.py", line 54, in retrieve
    instance = self.get_object()
  File "D:\speqto\trainee\Lib\site-packages\rest_framework\generics.py", line 101, in get_object
    obj = get_object_or_400(queryset, **filter_kwargs)
          ^^^^^^^^^^^^^^^^^
NameError: name 'get_object_or_400' is not defined. Did you mean: 'get_object_or_404'?
RESPONSE: {'status_code': 500, 'duration_ms': 368}
REQUEST: {'method': 'DELETE', 'path': '/api/products/3/', 'remote_addr': '127.0.0.1'}
Internal Server Error: /api/products/3/
Traceback (most recent call last):
  File "D:\speqto\trainee\Lib\site-packages\django\core\handlers\exception.py", line 55, in inner
    response = get_response(request)
  File "D:\speqto\trainee\Lib\site-packages\django\core\handlers\base.py", line 197, in _get_response
    response = wrapped_callback(request, *callback_args, **callback_kwargs)
  File "D:\speqto\trainee\Lib\site-packages\django\views\decorators\csrf.py", line 65, in _view_wrapper
    return view_func(request, *args, **kwargs)
  File "D:\speqto\trainee\Lib\site-packages\rest_framework\viewsets.py", line 125, in view
    return self.dispatch(request, *args, **kwargs)
           ~~~~~~~~~~~~~^^^^^^^^^^^^^^^^^^^^^^^^^^
  File "D:\speqto\trainee\Lib\site-packages\rest_framework\views.py", line 515, in dispatch
    response = self.handle_exception(exc)
  File "D:\speqto\trainee\Lib\site-packages\rest_framework\views.py", line 475, in handle_exception
    self.raise_uncaught_exception(exc)
    ~~~~~~~~~~~~~~~~~~~~~~~~~~~~~^^^^^
  File "D:\speqto\trainee\Lib\site-packages\rest_framework\views.py", line 486, in raise_uncaught_exception
    raise exc
  File "D:\speqto\trainee\Lib\site-packages\rest_framework\views.py", line 512, in dispatch
    response = handler(request, *args, **kwargs)
  File "D:\speqto\trainee\Lib\site-packages\rest_framework\mixins.py", line 90, in destroy
    instance = self.get_object()
  File "D:\speqto\trainee\Lib\site-packages\rest_framework\generics.py", line 101, in get_object
    obj = get_object_or_400(queryset, **filter_kwargs)
          ^^^^^^^^^^^^^^^^^
NameError: name 'get_object_or_400' is not defined. Did you mean: 'get_object_or_404'?
RESPONSE: {'status_code': 500, 'duration_ms': 137}
REQUEST: {'method': 'GET', 'path': '/api/products/', 'remote_addr': '127.0.0.1'}
RESPONSE: {'status_code': 200, 'duration_ms': 62}
REQUEST: {'method': 'DELETE', 'path': '/api/products/3/', 'remote_addr': '127.0.0.1'}
Internal Server Error: /api/products/3/
Traceback (most recent call last):
  File "D:\speqto\trainee\Lib\site-packages\django\core\handlers\exception.py", line 55, in inner
    response = get_response(request)
  File "D:\speqto\trainee\Lib\site-packages\django\core\handlers\base.py", line 197, in _get_response
    response = wrapped_callback(request, *callback_args, **callback_kwargs)
  File "D:\speqto\trainee\Lib\site-packages\django\views\decorators\csrf.py", line 65, in _view_wrapper
    return view_func(request, *args, **kwargs)
  File "D:\speqto\trainee\Lib\site-packages\rest_framework\viewsets.py", line 125, in view
    return self.dispatch(request, *args, **kwargs)
           ~~~~~~~~~~~~~^^^^^^^^^^^^^^^^^^^^^^^^^^
  File "D:\speqto\trainee\Lib\site-packages\rest_framework\views.py", line 515, in dispatch
    response = self.handle_exception(exc)
  File "D:\speqto\trainee\Lib\site-packages\rest_framework\views.py", line 475, in handle_exception
    self.raise_uncaught_exception(exc)
    ~~~~~~~~~~~~~~~~~~~~~~~~~~~~~^^^^^
  File "D:\speqto\trainee\Lib\site-packages\rest_framework\views.py", line 486, in raise_uncaught_exception
    raise exc
  File "D:\speqto\trainee\Lib\site-packages\rest_framework\views.py", line 512, in dispatch
    response = handler(request, *args, **kwargs)
  File "D:\speqto\trainee\Lib\site-packages\rest_framework\mixins.py", line 90, in destroy
    instance = self.get_object()
  File "D:\speqto\trainee\Lib\site-packages\rest_framework\generics.py", line 101, in get_object
    obj = get_object_or_400(queryset, **filter_kwargs)
          ^^^^^^^^^^^^^^^^^
NameError: name 'get_object_or_400' is not defined. Did you mean: 'get_object_or_404'?
RESPONSE: {'status_code': 500, 'duration_ms': 110}
REQUEST: {'method': 'GET', 'path': '/api/products/3/', 'remote_addr': '127.0.0.1'}
Internal Server Error: /api/products/3/
Traceback (most recent call last):
  File "D:\speqto\trainee\Lib\site-packages\django\core\handlers\exception.py", line 55, in inner
    response = get_response(request)
  File "D:\speqto\trainee\Lib\site-packages\django\core\handlers\base.py", line 197, in _get_response
    response = wrapped_callback(request, *callback_args, **callback_kwargs)
  File "D:\speqto\trainee\Lib\site-packages\django\views\decorators\csrf.py", line 65, in _view_wrapper
    return view_func(request, *args, **kwargs)
  File "D:\speqto\trainee\Lib\site-packages\rest_framework\viewsets.py", line 125, in view
    return self.dispatch(request, *args, **kwargs)
           ~~~~~~~~~~~~~^^^^^^^^^^^^^^^^^^^^^^^^^^
  File "D:\speqto\trainee\Lib\site-packages\rest_framework\views.py", line 515, in dispatch
    response = self.handle_exception(exc)
  File "D:\speqto\trainee\Lib\site-packages\rest_framework\views.py", line 475, in handle_exception
    self.raise_uncaught_exception(exc)
    ~~~~~~~~~~~~~~~~~~~~~~~~~~~~~^^^^^
  File "D:\speqto\trainee\Lib\site-packages\rest_framework\views.py", line 486, in raise_uncaught_exception
    raise exc
  File "D:\speqto\trainee\Lib\site-packages\rest_framework\views.py", line 512, in dispatch
    response = handler(request, *args, **kwargs)
  File "D:\speqto\trainee\Lib\site-packages\rest_framework\mixins.py", line 54, in retrieve
    instance = self.get_object()
  File "D:\speqto\trainee\Lib\site-packages\rest_framework\generics.py", line 101, in get_object
    obj = get_object_or_400(queryset, **filter_kwargs)
          ^^^^^^^^^^^^^^^^^
NameError: name 'get_object_or_400' is not defined. Did you mean: 'get_object_or_404'?
RESPONSE: {'status_code': 500, 'duration_ms': 218}
D:\speqto\trainee\Lib\site-packages\rest_framework\generics.py changed, reloading.
Watching for file changes with StatReloader
D:\speqto\trainee\Lib\site-packages\rest_framework\generics.py changed, reloading.
Watching for file changes with StatReloader
D:\speqto\trainee\Lib\site-packages\django\shortcuts.py changed, reloading.
Watching for file changes with StatReloader
D:\speqto\trainee\Lib\site-packages\django\shortcuts.py changed, reloading.
Watching for file changes with StatReloader
D:\speqto\trainee\Lib\site-packages\django\shortcuts.py changed, reloading.
Watching for file changes with StatReloader
D:\speqto\trainee\Lib\site-packages\django\shortcuts.py changed, reloading.
Watching for file changes with StatReloader
D:\speqto\trainee\Lib\site-packages\django\shortcuts.py changed, reloading.
Watching for file changes with StatReloader
D:\speqto\trainee\Lib\site-packages\django\shortcuts.py changed, reloading.
Watching for file changes with StatReloader
D:\speqto\trainee\Lib\site-packages\django\shortcuts.py changed, reloading.
Watching for file changes with StatReloader
D:\speqto\trainee\Lib\site-packages\django\shortcuts.py changed, reloading.
Watching for file changes with StatReloader
D:\speqto\trainee\Lib\site-packages\django\shortcuts.py changed, reloading.
Watching for file changes with StatReloader
D:\speqto\trainee\Lib\site-packages\django\shortcuts.py changed, reloading.
Watching for file changes with StatReloader
D:\speqto\trainee\Lib\site-packages\django\shortcuts.py changed, reloading.
Watching for file changes with StatReloader
D:\speqto\ecommerce\ecom\views.py changed, reloading.
Watching for file changes with StatReloader
D:\speqto\ecommerce\ecom\views.py changed, reloading.
Watching for file changes with StatReloader
D:\speqto\ecommerce\ecom\views.py changed, reloading.
Watching for file changes with StatReloader
D:\speqto\ecommerce\ecom\views.py changed, reloading.
Watching for file changes with StatReloader
D:\speqto\ecommerce\ecom\views.py changed, reloading.
Watching for file changes with StatReloader
D:\speqto\ecommerce\ecom\views.py changed, reloading.
Watching for file changes with StatReloader
D:\speqto\ecommerce\ecom\views.py changed, reloading.
Watching for file changes with StatReloader
D:\speqto\ecommerce\ecom\views.py changed, reloading.
Watching for file changes with StatReloader
D:\speqto\ecommerce\ecom\views.py changed, reloading.
Watching for file changes with StatReloader
D:\speqto\ecommerce\ecom\views.py changed, reloading.
Watching for file changes with StatReloader
D:\speqto\ecommerce\ecom\views.py changed, reloading.
Watching for file changes with StatReloader
D:\speqto\trainee\Lib\site-packages\rest_framework\generics.py changed, reloading.
Watching for file changes with StatReloader
D:\speqto\ecommerce\ecom\views.py changed, reloading.
Watching for file changes with StatReloader
REQUEST: {'method': 'GET', 'path': '/api/products/3/', 'remote_addr': '127.0.0.1'}
RESPONSE: {'status_code': 400, 'duration_ms': 65}
Bad Request: /api/products/3/
D:\speqto\ecommerce\utils\ExceptionHandler.py changed, reloading.
Watching for file changes with StatReloader
D:\speqto\ecommerce\utils\ExceptionHandler.py changed, reloading.
Watching for file changes with StatReloader
D:\speqto\ecommerce\utils\ExceptionHandler.py changed, reloading.
Watching for file changes with StatReloader
D:\speqto\ecommerce\utils\ExceptionHandler.py changed, reloading.
Watching for file changes with StatReloader
D:\speqto\ecommerce\utils\ExceptionHandler.py changed, reloading.
Watching for file changes with StatReloader
D:\speqto\ecommerce\utils\ExceptionHandler.py changed, reloading.
Watching for file changes with StatReloader
D:\speqto\ecommerce\utils\ExceptionHandler.py changed, reloading.
Watching for file changes with StatReloader
D:\speqto\ecommerce\utils\ExceptionHandler.py changed, reloading.
Watching for file changes with StatReloader
D:\speqto\ecommerce\utils\ExceptionHandler.py changed, reloading.
Watching for file changes with StatReloader
REQUEST: {'method': 'GET', 'path': '/api/products/3/', 'remote_addr': '127.0.0.1'}
RESPONSE: {'status_code': 400, 'duration_ms': 53}
Bad Request: /api/products/3/
